<?xml version="1.0" encoding="UTF-8"?>
<testng-results skipped="0" failed="0" ignored="0" total="1" passed="1">
  <reporter-output>
  </reporter-output>
  <suite name="WeatherData" duration-ms="7773" started-at="2019-10-05T18:05:12Z" finished-at="2019-10-05T18:05:19Z">
    <groups>
    </groups>
    <test name="Test" duration-ms="7773" started-at="2019-10-05T18:05:12Z" finished-at="2019-10-05T18:05:19Z">
      <class name="DownloadWeatherData">
        <test-method status="PASS" signature="initialize()[pri:0, instance:DownloadWeatherData@5594a1b5]" name="initialize" is-config="true" duration-ms="7660" started-at="2019-10-05T23:35:12Z" finished-at="2019-10-05T23:35:19Z">
          <reporter-output>
          </reporter-output>
        </test-method> <!-- initialize -->
        <test-method status="PASS" signature="openReport()[pri:0, instance:DownloadWeatherData@5594a1b5]" name="openReport" duration-ms="77" started-at="2019-10-05T23:35:19Z" finished-at="2019-10-05T23:35:19Z">
          <reporter-output>
          </reporter-output>
        </test-method> <!-- openReport -->
      </class> <!-- DownloadWeatherData -->
    </test> <!-- Test -->
  </suite> <!-- WeatherData -->
</testng-results>
